Performing C SOURCE FILE Test CMAKE_HAVE_LIBC_PTHREAD failed with the following output:
Change Dir: /home/breno/wheeltec_ws/build/CMakeFiles/CMakeTmp

Run Build Command(s):/usr/bin/make -f Makefile cmTC_3cc6b/fast && /usr/bin/make  -f CMakeFiles/cmTC_3cc6b.dir/build.make CMakeFiles/cmTC_3cc6b.dir/build
make[1]: Entering directory '/home/breno/wheeltec_ws/build/CMakeFiles/CMakeTmp'
Building C object CMakeFiles/cmTC_3cc6b.dir/src.c.o
/usr/bin/cc -DCMAKE_HAVE_LIBC_PTHREAD   -o CMakeFiles/cmTC_3cc6b.dir/src.c.o -c /home/breno/wheeltec_ws/build/CMakeFiles/CMakeTmp/src.c
Linking C executable cmTC_3cc6b
/home/breno/.local/lib/python2.7/site-packages/cmake/data/bin/cmake -E cmake_link_script CMakeFiles/cmTC_3cc6b.dir/link.txt --verbose=1
/usr/bin/cc -rdynamic CMakeFiles/cmTC_3cc6b.dir/src.c.o -o cmTC_3cc6b 
CMakeFiles/cmTC_3cc6b.dir/src.c.o: In function `main':
src.c:(.text+0x3e): undefined reference to `pthread_create'
src.c:(.text+0x4a): undefined reference to `pthread_detach'
src.c:(.text+0x56): undefined reference to `pthread_cancel'
src.c:(.text+0x67): undefined reference to `pthread_join'
src.c:(.text+0x7b): undefined reference to `pthread_atfork'
collect2: error: ld returned 1 exit status
CMakeFiles/cmTC_3cc6b.dir/build.make:98: recipe for target 'cmTC_3cc6b' failed
make[1]: *** [cmTC_3cc6b] Error 1
make[1]: Leaving directory '/home/breno/wheeltec_ws/build/CMakeFiles/CMakeTmp'
Makefile:127: recipe for target 'cmTC_3cc6b/fast' failed
make: *** [cmTC_3cc6b/fast] Error 2


Source file was:
#include <pthread.h>

static void* test_func(void* data)
{
  return data;
}

int main(void)
{
  pthread_t thread;
  pthread_create(&thread, NULL, test_func, NULL);
  pthread_detach(thread);
  pthread_cancel(thread);
  pthread_join(thread, NULL);
  pthread_atfork(NULL, NULL, NULL);
  pthread_exit(NULL);

  return 0;
}

Determining if the function pthread_create exists in the pthreads failed with the following output:
Change Dir: /home/breno/wheeltec_ws/build/CMakeFiles/CMakeTmp

Run Build Command(s):/usr/bin/make -f Makefile cmTC_7a2a1/fast && /usr/bin/make  -f CMakeFiles/cmTC_7a2a1.dir/build.make CMakeFiles/cmTC_7a2a1.dir/build
make[1]: Entering directory '/home/breno/wheeltec_ws/build/CMakeFiles/CMakeTmp'
Building C object CMakeFiles/cmTC_7a2a1.dir/CheckFunctionExists.c.o
/usr/bin/cc   -DCHECK_FUNCTION_EXISTS=pthread_create -o CMakeFiles/cmTC_7a2a1.dir/CheckFunctionExists.c.o -c /home/breno/.local/lib/python2.7/site-packages/cmake/data/share/cmake-3.22/Modules/CheckFunctionExists.c
Linking C executable cmTC_7a2a1
/home/breno/.local/lib/python2.7/site-packages/cmake/data/bin/cmake -E cmake_link_script CMakeFiles/cmTC_7a2a1.dir/link.txt --verbose=1
/usr/bin/cc  -DCHECK_FUNCTION_EXISTS=pthread_create -rdynamic CMakeFiles/cmTC_7a2a1.dir/CheckFunctionExists.c.o -o cmTC_7a2a1  -lpthreads 
/usr/bin/ld: cannot find -lpthreads
collect2: error: ld returned 1 exit status
CMakeFiles/cmTC_7a2a1.dir/build.make:98: recipe for target 'cmTC_7a2a1' failed
make[1]: *** [cmTC_7a2a1] Error 1
make[1]: Leaving directory '/home/breno/wheeltec_ws/build/CMakeFiles/CMakeTmp'
Makefile:127: recipe for target 'cmTC_7a2a1/fast' failed
make: *** [cmTC_7a2a1/fast] Error 2



Determining if the include file pgm.h exists failed with the following output:
Change Dir: /home/breno/wheeltec_ws/build/CMakeFiles/CMakeTmp

Run Build Command(s):/usr/bin/make -f Makefile cmTC_58e42/fast && /usr/bin/make  -f CMakeFiles/cmTC_58e42.dir/build.make CMakeFiles/cmTC_58e42.dir/build
make[1]: Entering directory '/home/breno/wheeltec_ws/build/CMakeFiles/CMakeTmp'
Building CXX object CMakeFiles/cmTC_58e42.dir/CheckIncludeFile.cxx.o
/usr/bin/c++    -o CMakeFiles/cmTC_58e42.dir/CheckIncludeFile.cxx.o -c /home/breno/wheeltec_ws/build/CMakeFiles/CMakeTmp/CheckIncludeFile.cxx
/home/breno/wheeltec_ws/build/CMakeFiles/CMakeTmp/CheckIncludeFile.cxx:1:10: fatal error: pgm.h: No such file or directory
 #include <pgm.h>
          ^~~~~~~
compilation terminated.
CMakeFiles/cmTC_58e42.dir/build.make:77: recipe for target 'CMakeFiles/cmTC_58e42.dir/CheckIncludeFile.cxx.o' failed
make[1]: *** [CMakeFiles/cmTC_58e42.dir/CheckIncludeFile.cxx.o] Error 1
make[1]: Leaving directory '/home/breno/wheeltec_ws/build/CMakeFiles/CMakeTmp'
Makefile:127: recipe for target 'cmTC_58e42/fast' failed
make: *** [cmTC_58e42/fast] Error 2



